Log file open, 09/20/17 10:19:58
LogInit:Display: Running engine for game: ProjectPathfinding
LogPlatformFile: Not using cached read wrapper
LogInit:Display: RandInit(-820887889) SRandInit(-820887889).
LogTaskGraph: Started task graph with 5 named threads and 8 total threads with 1 sets of task threads.
LogStats: Stats thread started at 0.113296
LogInit: Using libcurl 7.47.1
LogInit:  - built for x86_64-pc-win32
LogInit:  - supports SSL with OpenSSL/1.0.2g
LogInit:  - supports HTTP deflate (compression) using libz 1.2.8
LogInit:  - other features:
LogInit:      CURL_VERSION_SSL
LogInit:      CURL_VERSION_LIBZ
LogInit:      CURL_VERSION_IPV6
LogInit:      CURL_VERSION_ASYNCHDNS
LogInit:      CURL_VERSION_LARGEFILE
LogInit:      CURL_VERSION_IDN
LogInit:  CurlRequestOptions (configurable via config and command line):
LogInit:  - bVerifyPeer = false  - Libcurl will NOT verify peer certificate
LogInit:  - bUseHttpProxy = false  - Libcurl will NOT use HTTP proxy
LogInit:  - bDontReuseConnections = false  - Libcurl will reuse connections
LogInit:  - CertBundlePath = nullptr  - Libcurl will use whatever was configured at build time.
LogInit: Build: ++UE4+Release-4.16-CL-3561208
LogInit: Engine Version: 4.16.3-3561208+++UE4+Release-4.16
LogInit: Compatible Engine Version: 4.16.0-3452394+++UE4+Release-4.16
LogInit: Net CL: 3452394
LogDevObjectVersion: Number of dev versions registered: 16
LogDevObjectVersion:   Dev-Blueprints (B0D832E4-1F89-4F0D-ACCF-7EB736FD4AA2): 9
LogDevObjectVersion:   Dev-Build (E1C64328-A22C-4D53-A36C-8E866417BD8C): 0
LogDevObjectVersion:   Dev-Core (375EC13C-06E4-48FB-B500-84F0262A717E): 2
LogDevObjectVersion:   Dev-Editor (E4B068ED-F494-42E9-A231-DA0B2E46BB41): 17
LogDevObjectVersion:   Dev-Framework (CFFC743F-43B0-4480-9391-14DF171D2073): 23
LogDevObjectVersion:   Dev-Mobile (B02B49B5-BB20-44E9-A304-32B752E40360): 0
LogDevObjectVersion:   Dev-Networking (A4E4105C-59A1-49B5-A7C5-40C4547EDFEE): 0
LogDevObjectVersion:   Dev-Online (39C831C9-5AE6-47DC-9A44-9C173E1C8E7C): 0
LogDevObjectVersion:   Dev-Physics (78F01B33-EBEA-4F98-B9B4-84EACCB95AA2): 0
LogDevObjectVersion:   Dev-Platform (6631380F-2D4D-43E0-8009-CF276956A95A): 0
LogDevObjectVersion:   Dev-Rendering (12F88B9F-8875-4AFC-A67C-D90C383ABD29): 15
LogDevObjectVersion:   Dev-Sequencer (7B5AE74C-D270-4C10-A958-57980B212A5A): 4
LogDevObjectVersion:   Dev-VR (D7296918-1DD6-4BDD-9DE2-64A83CC13884): 0
LogDevObjectVersion:   Dev-LoadTimes (C2A15278-BFE7-4AFE-6C17-90FF531DF755): 1
LogDevObjectVersion:   Private-Geometry (6EACA3D4-40EC-4CC1-B786-8BED09428FC5): 1
LogDevObjectVersion:   Dev-AnimPhys (29E575DD-E0A3-4627-9D10-D276232CDCEA): 3
LogInit: Compiled (64-bit): Jul 28 2017 11:49:47
LogInit: Compiled with Visual C++: 19.00.24215.01
LogInit: Build Configuration: Development
LogInit: Branch Name: ++UE4+Release-4.16
LogInit: Command line: -EpicPortal 
LogInit: Base directory: C:/Program Files/Epic Games/UE_4.16/Engine/Binaries/Win64/
LogInit: Installed Engine Build: 1
LogInit: Presizing for max 8388607 objects, including 0 objects not considered by GC, pre-allocating 0 bytes for permanent pool.
LogInit: Object subsystem initialized
[2017.09.20-07.19.59:411][  0]LogInit: Selected Device Profile: [Windows]
[2017.09.20-07.19.59:411][  0]LogInit: Applying CVar settings loaded from the selected device profile: [Windows]
[2017.09.20-07.19.59:416][  0]LogInit: Computer: AOTA1-1L155-27D
[2017.09.20-07.19.59:416][  0]LogInit: User: VilleHut
[2017.09.20-07.19.59:416][  0]LogInit: CPU Page size=4096, Cores=4
[2017.09.20-07.19.59:416][  0]LogInit: High frequency timer resolution =3.328593 MHz
[2017.09.20-07.19.59:416][  0]LogMemory: Memory total: Physical=15.9GB (16GB approx)
[2017.09.20-07.19.59:416][  0]LogMemory: Platform Memory Stats for Windows
[2017.09.20-07.19.59:416][  0]LogMemory: Process Physical Memory: 275.33 MB used, 275.33 MB peak
[2017.09.20-07.19.59:416][  0]LogMemory: Process Virtual Memory: 266.82 MB used, 266.82 MB peak
[2017.09.20-07.19.59:416][  0]LogMemory: Physical Memory: 5894.59 MB used,  10369.71 MB free, 16264.30 MB total
[2017.09.20-07.19.59:416][  0]LogMemory: Virtual Memory: 626.22 MB used,  10369.71 MB free, 8388608.00 MB total
[2017.09.20-07.19.59:532][  0]LogInit: Using OS detected language (fi-FI).
[2017.09.20-07.19.59:532][  0]LogInit: Using OS detected locale (fi-FI).
[2017.09.20-07.19.59:539][  0]LogTextLocalizationManager: No localization for 'fi-FI' exists, so 'en' will be used for the language.
[2017.09.20-07.19.59:539][  0]LogTextLocalizationManager: No localization for 'fi-FI' exists, so 'en' will be used for the locale.
[2017.09.20-07.20.00:611][  0]LogD3D11RHI: D3D11 adapters:
[2017.09.20-07.20.00:625][  0]LogD3D11RHI:    0. 'NVIDIA GeForce GT 730' (Feature Level 11_0)
[2017.09.20-07.20.00:625][  0]LogD3D11RHI:       1994/0/7876 MB DedicatedVideo/DedicatedSystem/SharedSystem, Outputs:2, VendorId:0x10de
[2017.09.20-07.20.00:632][  0]LogD3D11RHI:    1. 'Intel(R) HD Graphics 530' (Feature Level 11_0)
[2017.09.20-07.20.00:632][  0]LogD3D11RHI:       192/0/1632 MB DedicatedVideo/DedicatedSystem/SharedSystem, Outputs:0, VendorId:0x8086
[2017.09.20-07.20.00:632][  0]LogD3D11RHI: Chosen D3D11 Adapter: 0
[2017.09.20-07.20.00:636][  0]LogD3D11RHI: Creating new Direct3DDevice
[2017.09.20-07.20.00:636][  0]LogD3D11RHI:     GPU DeviceId: 0x1287 (for the marketing name, search the web for "GPU Device Id")
[2017.09.20-07.20.00:636][  0]LogWindows: EnumDisplayDevices:
[2017.09.20-07.20.00:636][  0]LogWindows:    0. 'NVIDIA GeForce GT 730' (P:1 D:1)
[2017.09.20-07.20.00:636][  0]LogWindows:    1. 'NVIDIA GeForce GT 730' (P:0 D:1)
[2017.09.20-07.20.00:636][  0]LogWindows:    2. 'NVIDIA GeForce GT 730' (P:0 D:0)
[2017.09.20-07.20.00:637][  0]LogWindows:    3. 'NVIDIA GeForce GT 730' (P:0 D:0)
[2017.09.20-07.20.00:637][  0]LogWindows:    4. 'Intel(R) HD Graphics 530' (P:0 D:0)
[2017.09.20-07.20.00:637][  0]LogWindows:    5. 'Intel(R) HD Graphics 530' (P:0 D:0)
[2017.09.20-07.20.00:637][  0]LogWindows:    6. 'Intel(R) HD Graphics 530' (P:0 D:0)
[2017.09.20-07.20.00:637][  0]LogWindows:    7. 'RDPDD Chained DD' (P:0 D:0)
[2017.09.20-07.20.00:637][  0]LogWindows:    8. 'RDP Encoder Mirror Driver' (P:0 D:0)
[2017.09.20-07.20.00:637][  0]LogWindows:    9. 'RDP Reflector Display Driver' (P:0 D:0)
[2017.09.20-07.20.00:637][  0]LogWindows: DebugString: PrimaryIsNotTheChoosenAdapter PrimaryIsNotTheChoosenAdapter PrimaryIsNotTheChoosenAdapter GetVideoDriverDetailsInvalid PrimaryIsNotTheChoosenAdapter GetVideoDriverDetailsInvalid PrimaryIsNotTheChoosenAdapter GetVideoDriverDetailsInvalid PrimaryIsNotTheChoosenAdapter FoundDriverCount:4 
[2017.09.20-07.20.00:637][  0]LogD3D11RHI:     Adapter Name: NVIDIA GeForce GT 730
[2017.09.20-07.20.00:637][  0]LogD3D11RHI:   Driver Version: 372.90 (internal:21.21.13.7290, unified:372.90)
[2017.09.20-07.20.00:637][  0]LogD3D11RHI:      Driver Date: 9-16-2016
[2017.09.20-07.20.00:637][  0]LogRHI: Texture pool is 1361 MB (70% of 1945 MB)
[2017.09.20-07.20.00:645][  0]LogD3D11RHI: Async texture creation enabled
[2017.09.20-07.20.00:658][  0]LogD3D11RHI: GPU Timing Frequency: 1000.000000 (Debug: 2 2)
[2017.09.20-07.20.00:746][  0]LogShaderCompilers: Guid format shader working directory is -28 characters bigger than the processId version (../../../../../../Users/VilleHut/Documents/Unreal Projects/ProjectPathfinding/Intermediate/Shaders/WorkingDirectory/3944/).
[2017.09.20-07.20.00:746][  0]LogShaderCompilers: Cleaned the shader compiler working directory 'C:/Users/VilleHut/AppData/Local/Temp/UnrealShaderWorkingDir/1854A1EE433F67B04697C9BC9344EDE9/'.
[2017.09.20-07.20.00:746][  0]LogShaderCompilers:Display: Using Local Shader Compiler.
[2017.09.20-07.20.01:840][  0]LogTemp:Display: Loaded TP AllDesktopTargetPlatform
[2017.09.20-07.20.01:890][  0]LogTemp:Display: Loaded TP MacClientTargetPlatform
[2017.09.20-07.20.01:936][  0]LogTemp:Display: Loaded TP MacNoEditorTargetPlatform
[2017.09.20-07.20.01:983][  0]LogTemp:Display: Loaded TP MacServerTargetPlatform
[2017.09.20-07.20.02:032][  0]LogTemp:Display: Loaded TP MacTargetPlatform
[2017.09.20-07.20.02:079][  0]LogTemp:Display: Loaded TP WindowsClientTargetPlatform
[2017.09.20-07.20.02:125][  0]LogTemp:Display: Loaded TP WindowsNoEditorTargetPlatform
[2017.09.20-07.20.02:172][  0]LogTemp:Display: Loaded TP WindowsServerTargetPlatform
[2017.09.20-07.20.02:214][  0]LogTemp:Display: Loaded TP WindowsTargetPlatform
[2017.09.20-07.20.02:260][  0]LogTemp:Display: Loaded TP AndroidTargetPlatform
[2017.09.20-07.20.02:306][  0]LogTemp:Display: Loaded TP Android_ASTCTargetPlatform
[2017.09.20-07.20.02:350][  0]LogTemp:Display: Loaded TP Android_ATCTargetPlatform
[2017.09.20-07.20.02:395][  0]LogTemp:Display: Loaded TP Android_DXTTargetPlatform
[2017.09.20-07.20.02:441][  0]LogTemp:Display: Loaded TP Android_ETC1TargetPlatform
[2017.09.20-07.20.02:487][  0]LogTemp:Display: Loaded TP Android_ETC2TargetPlatform
[2017.09.20-07.20.02:581][  0]LogTemp:Display: Loaded TP Android_MultiTargetPlatform
[2017.09.20-07.20.02:581][  0]LogTemp:Display: Loaded TP Android_PVRTCTargetPlatform
[2017.09.20-07.20.02:621][  0]LogTemp:Display: Loaded TP HTML5TargetPlatform
[2017.09.20-07.20.02:721][  0]LogTemp:Display: Loaded TP IOSTargetPlatform
[2017.09.20-07.20.02:762][  0]LogTemp:Display: Loaded TP TVOSTargetPlatform
[2017.09.20-07.20.02:815][  0]LogTemp:Display: Loaded TP LinuxClientTargetPlatform
[2017.09.20-07.20.02:865][  0]LogTemp:Display: Loaded TP LinuxNoEditorTargetPlatform
[2017.09.20-07.20.02:915][  0]LogTemp:Display: Loaded TP LinuxServerTargetPlatform
[2017.09.20-07.20.02:962][  0]LogTemp:Display: Loaded TP LinuxTargetPlatform
[2017.09.20-07.20.02:962][  0]LogTargetPlatformManager:Display: Building Assets For Windows
[2017.09.20-07.20.03:501][  0]LogDerivedDataCache:Display: Max Cache Size: 512 MB
[2017.09.20-07.20.03:581][  0]LogDerivedDataCache: Loaded boot cache 0.08s 90MB C:/Users/VilleHut/AppData/Local/UnrealEngine/4.16/DerivedDataCache/Boot.ddc.
[2017.09.20-07.20.03:581][  0]LogDerivedDataCache:Display: Loaded Boot cache: C:/Users/VilleHut/AppData/Local/UnrealEngine/4.16/DerivedDataCache/Boot.ddc
[2017.09.20-07.20.03:582][  0]LogDerivedDataCache: FDerivedDataBackendGraph:  Pak pak cache file ../../../../../../Users/VilleHut/Documents/Unreal Projects/ProjectPathfinding/DerivedDataCache/DDC.ddp not found, will not use a pak cache.
[2017.09.20-07.20.03:582][  0]LogDerivedDataCache: Unable to find inner node Pak for hierarchical cache Hierarchy.
[2017.09.20-07.20.03:582][  0]LogDerivedDataCache: FDerivedDataBackendGraph:  CompressedPak pak cache file ../../../../../../Users/VilleHut/Documents/Unreal Projects/ProjectPathfinding/DerivedDataCache/Compressed.ddp not found, will not use a pak cache.
[2017.09.20-07.20.03:582][  0]LogDerivedDataCache: Unable to find inner node CompressedPak for hierarchical cache Hierarchy.
[2017.09.20-07.20.03:596][  0]LogDerivedDataCache:Display: Pak cache opened for reading ../../../Engine/DerivedDataCache/Compressed.ddp.
[2017.09.20-07.20.03:608][  0]LogDerivedDataCache: Using Local data cache path C:/Users/VilleHut/AppData/Local/UnrealEngine/Common/DerivedDataCache: Writable
[2017.09.20-07.20.03:616][  0]LogMaterial: Verifying Global Shaders for PCD3D_SM5
[2017.09.20-07.20.03:616][  0]LogSlate: Using Freetype 2.6.0
[2017.09.20-07.20.03:619][  0]LogSlate: SlateFontCache - WITH_FREETYPE: 1, WITH_HARFBUZZ: 1
[2017.09.20-07.20.03:619][  0]LogSlate: SlateFontCache - WITH_FREETYPE: 1, WITH_HARFBUZZ: 1
[2017.09.20-07.20.03:952][  0]LogInit: Selected Device Profile: [Windows]
[2017.09.20-07.20.03:955][  0]LogContentStreaming: Texture pool size is 0.00 MB
[2017.09.20-07.20.04:183][  0]LogMeshUtilities: Using QuadricMeshReduction for automatic static mesh reduction
[2017.09.20-07.20.04:224][  0]LogSimplygon: Simplygon DLL not present - disabling.
[2017.09.20-07.20.04:270][  0]LogMeshUtilities: Using SimplygonSwarm for distributed automatic mesh merging
[2017.09.20-07.20.04:270][  0]LogMeshUtilities: No automatic skeletal mesh reduction module available
[2017.09.20-07.20.04:270][  0]LogMeshUtilities: No automatic mesh merging module available
[2017.09.20-07.20.04:794][  0]LogNetVersion: ProjectPathfinding , NetCL: 3452394, EngineNetVer: 2, GameNetVer: 0 (Checksum: 2732352971)
[2017.09.20-07.20.04:855][  0]LogAssetRegistry: FAssetRegistry took 0.0231 seconds to start up
[2017.09.20-07.20.04:892][  0]LogPackageLocalizationCache: Processed 4 localized package path(s) for 1 prioritized culture(s) in 0.012800 seconds
[2017.09.20-07.20.04:897][  0]LogUObjectArray: 34194 objects as part of root set at end of initial load.
[2017.09.20-07.20.04:897][  0]LogUObjectAllocator: 7260416 out of 0 bytes used by permanent object pool.
[2017.09.20-07.20.04:897][  0]LogUObjectArray: CloseDisregardForGC: 0/0 objects in disregard for GC pool
[2017.09.20-07.20.04:969][  0]LogInit: WinSock: version 1.1 (2.2), MaxSocks=32767, MaxUdp=65467
[2017.09.20-07.20.07:616][  0]LogTcpMessaging: Initializing TcpMessaging bridge
[2017.09.20-07.20.07:658][  0]LogUdpMessaging: Initializing bridge on interface 0.0.0.0:0 to multicast group 230.0.0.1:6666.
[2017.09.20-07.20.08:014][  0]LogMaterial: Missing cached shader map for material M_Cursor_Decal, compiling. 
[2017.09.20-07.20.08:488][  0]LogMaterial: Uniform references updated for custom material expression Custom.
[2017.09.20-07.20.08:966][  0]SourceControl: Info Source control is disabled
[2017.09.20-07.20.09:031][  0]SourceControl: Info Source control is disabled
[2017.09.20-07.20.09:108][  0]SourceControl: Info Source control is disabled
[2017.09.20-07.20.09:168][  0]SourceControl: Info Source control is disabled
[2017.09.20-07.20.10:010][  0]LogAndroidPermission: UAndroidPermissionCallbackProxy::GetInstance
[2017.09.20-07.20.10:636][  0]LogEngine: Initializing Engine...
[2017.09.20-07.20.10:636][  0]LogHMD: Failed to initialize OpenVR with code 110
[2017.09.20-07.20.10:825][  0]LogStats: UGameplayTagsManager::ConstructGameplayTagTree: Construct from data asset -  0.000 s
[2017.09.20-07.20.10:825][  0]LogStats: UGameplayTagsManager::ConstructGameplayTagTree: GameplayTagTreeChangedEvent.Broadcast -  0.000 s
[2017.09.20-07.20.10:951][  0]LogAIModule: Creating AISystem for world Untitled
[2017.09.20-07.20.10:961][  0]LogInit: XAudio2 using 'Kaiuttimet (Realtek High Definition Audio)' : 2 channels at 48 kHz using 32 bits per sample (channel mask 0x3)
[2017.09.20-07.20.10:984][  0]LogInit: FAudioDevice initialized.
[2017.09.20-07.20.11:020][  0]LogDerivedDataCache: Saved boot cache 0.04s 90MB C:/Users/VilleHut/AppData/Local/UnrealEngine/4.16/DerivedDataCache/Boot.ddc.
[2017.09.20-07.20.11:031][  0]LogInit: Texture streaming: Enabled
[2017.09.20-07.20.11:129][  0]LogEngineSessionManager: EngineSessionManager initialized
[2017.09.20-07.20.11:339][  0]LogInit: Transaction tracking system initialized
[2017.09.20-07.20.11:640][  0]BlueprintLog: New page: Editor Load
[2017.09.20-07.20.12:622][  0]LocalizationService: Info Localization service is disabled
[2017.09.20-07.20.13:271][  0]LogConsoleResponse:Display: 
[2017.09.20-07.20.13:411][  0]LogCook:Display: Max memory allowance for cook 16384mb min free memory 0mb
[2017.09.20-07.20.13:411][  0]LogCook:Display: Mobile HDR setting 1
[2017.09.20-07.20.13:786][  0]LogFileCache: Scanning file cache for directory 'C:/Users/VilleHut/Documents/Unreal Projects/ProjectPathfinding/Content/' took 0.01s
[2017.09.20-07.20.14:397][  0]SourceControl: Info Source control is disabled
[2017.09.20-07.20.14:397][  0]Cmd: MAP LOAD FILE="../../../../../../Users/VilleHut/Documents/Unreal Projects/ProjectPathfinding/Content/TopDownCPP/Maps/TopDownExampleMap.umap" TEMPLATE=0 SHOWPROGRESS=1 FEATURELEVEL=3
[2017.09.20-07.20.14:399][  0]LightingResults: New page: Lighting Build
[2017.09.20-07.20.14:438][  0]MapCheck: New page: Map Check
[2017.09.20-07.20.14:438][  0]LightingResults: New page: Lighting Build
[2017.09.20-07.20.14:557][  0]LogTexture:Display: Building textures: HQ_Lightmap0_1 (AutoDXT, 1024X1024)
[2017.09.20-07.20.14:671][  0]LogTexture:Display: Building textures: HQ_Lightmap0_2 (AutoDXT, 512X512)
[2017.09.20-07.20.14:732][  0]LogTexture:Display: Building textures: HQ_Lightmap0_3 (AutoDXT, 64X64)
[2017.09.20-07.20.14:743][  0]LogTexture:Display: Building textures: LQ_Lightmap_0_1 (DXT1, 1024X1024)
[2017.09.20-07.20.14:793][  0]LogTexture:Display: Building textures: LQ_Lightmap_0_2 (DXT1, 512X512)
[2017.09.20-07.20.14:823][  0]LogTexture:Display: Building textures: LQ_Lightmap_0_3 (DXT1, 64X64)
[2017.09.20-07.20.14:831][  0]LogTexture:Display: Building textures: SkyOcclusion0_1 (AutoDXT, 1024X512)
[2017.09.20-07.20.14:891][  0]LogTexture:Display: Building textures: SkyOcclusion0_2 (AutoDXT, 512X256)
[2017.09.20-07.20.14:915][  0]LogTexture:Display: Building textures: SkyOcclusion0_3 (AutoDXT, 64X32)
[2017.09.20-07.20.14:922][  0]LogTexture:Display: Building textures: ShadowMapTexture2D_0 (G8, 2048X1024)
[2017.09.20-07.20.14:978][  0]LogTexture:Display: Building textures: ShadowMapTexture2D_1 (G8, 64X32)
[2017.09.20-07.20.15:037][  0]LogAIModule: Creating AISystem for world TopDownExampleMap
[2017.09.20-07.20.15:055][  0]LogEditorServer: Finished looking for orphan Actors (0.000 secs)
[2017.09.20-07.20.15:064][  0]Cmd: MAP CHECKDEP NOCLEARLOG
[2017.09.20-07.20.15:105][  0]MapCheck: Info Map check complete: 0 Error(s), 0 Warning(s), took 40.655ms to complete.
[2017.09.20-07.20.15:105][  0]LogFileHelpers: Loading map 'TopDownExampleMap' took 0.708
[2017.09.20-07.20.15:252][  0]LogCollectionManager: Loaded 0 collections in 0.001027 seconds
[2017.09.20-07.20.15:331][  0]LogFileCache: Scanning file cache for directory 'C:/Users/VilleHut/Documents/Unreal Projects/ProjectPathfinding/Saved/Collections/' took 0.01s
[2017.09.20-07.20.15:331][  0]LogFileCache: Scanning file cache for directory 'C:/Users/VilleHut/Documents/Unreal Projects/ProjectPathfinding/Content/Developers/VilleHut/Collections/' took 0.01s
[2017.09.20-07.20.15:331][  0]LogFileCache: Scanning file cache for directory 'C:/Users/VilleHut/Documents/Unreal Projects/ProjectPathfinding/Content/Collections/' took 0.01s
[2017.09.20-07.20.15:331][  0]LogCollectionManager: Rebuilt the GUID cache for 0 collections in 0.000001 seconds
[2017.09.20-07.20.15:338][  0]LogContentBrowser: Native class hierarchy populated in 0.0078 seconds. Added 2332 classes and 493 folders.
[2017.09.20-07.20.15:405][  0]LogContentBrowser: Native class hierarchy updated for 'WidgetCarousel' in 0.0009 seconds. Added 0 classes and 0 folders.
[2017.09.20-07.20.15:444][  0]LogContentBrowser: Native class hierarchy updated for 'AddContentDialog' in 0.0010 seconds. Added 0 classes and 0 folders.
[2017.09.20-07.20.15:486][  0]LogContentBrowser: Native class hierarchy updated for 'SceneOutliner' in 0.0010 seconds. Added 1 classes and 2 folders.
[2017.09.20-07.20.15:525][  0]LogCrashTracker: Crashtracker disabled due to settings.
[2017.09.20-07.20.15:528][  0]LogSlate: Took 0.000115 seconds to synchronously load lazily loaded font '../../../Engine/Content/Slate/Fonts/Roboto-Regular.ttf' (155K)
[2017.09.20-07.20.15:530][  0]LogSlate: Took 0.000119 seconds to synchronously load lazily loaded font '../../../Engine/Content/Slate/Fonts/Roboto-Bold.ttf' (160K)
[2017.09.20-07.20.15:539][  0]LogSlate: Took 0.005919 seconds to synchronously load lazily loaded font '../../../Engine/Content/Editor/Slate/Fonts/FontAwesome.ttf' (139K)
[2017.09.20-07.20.15:618][  0]LogRenderer: Reallocating scene render targets to support 1208x576 NumSamples 1 (Frame:1).
[2017.09.20-07.20.15:753][  0]LogUObjectGlobals:Warning: Failed to find object 'Class None.'
[2017.09.20-07.20.15:832][  0]LogContentBrowser: Native class hierarchy updated for 'HierarchicalLODOutliner' in 0.0011 seconds. Added 1 classes and 2 folders.
[2017.09.20-07.20.15:832][  0]LogLoad: (Engine Initialization) Total time: 18.02 seconds
[2017.09.20-07.20.15:832][  0]LogLoad: (Engine Initialization) Total Blueprint compile time: 0.10 seconds
[2017.09.20-07.20.15:832][  0]LogExternalProfiler: Found external profiler: VSPerf
[2017.09.20-07.20.15:832][  0]LogExternalProfiler: Using external profiler: VSPerf
[2017.09.20-07.20.15:843][  0]LogOcInput: OculusInput pre-init called
[2017.09.20-07.20.15:843][  0]LogHMD: Starting GearVRController plugin
[2017.09.20-07.20.15:857][  0]LogAssetRegistry: Asset discovery search completed in 11.0210 seconds
[2017.09.20-07.20.15:859][  0]LogCollectionManager: Rebuilt the object cache for 0 collections in 0.000000 seconds (found 0 objects)
[2017.09.20-07.20.15:859][  0]LogCollectionManager: Fixed up redirectors for 0 collections in 0.000020 seconds (updated 0 objects)
[2017.09.20-07.20.15:861][  0]LogContentStreaming: Texture pool size now 1000 MB
[2017.09.20-07.20.15:899][  0]LogSlate: Took 0.000141 seconds to synchronously load lazily loaded font '../../../Engine/Content/Slate/Fonts/Roboto-Light.ttf' (159K)
[2017.09.20-07.22.41:791][495]LogTemp: Repeting last play command: Selected Viewport
[2017.09.20-07.22.41:816][495]LogBlueprintUserMessages: Early PlayInEditor Detection: Level '/Game/TopDownCPP/Maps/TopDownExampleMap.TopDownExampleMap:PersistentLevel' has LevelScriptBlueprint '/Game/TopDownCPP/Maps/TopDownExampleMap.TopDownExampleMap:PersistentLevel.TopDownExampleMap' with GeneratedClass '/Game/TopDownCPP/Maps/TopDownExampleMap.TopDownExampleMap_C' with ClassGeneratedBy '/Game/TopDownCPP/Maps/TopDownExampleMap.TopDownExampleMap:PersistentLevel.TopDownExampleMap'
[2017.09.20-07.22.41:817][495]LogPlayLevel: PlayLevel: No blueprints needed recompiling
[2017.09.20-07.22.41:817][495]PIE: New page: PIE session: TopDownExampleMap (Sep 20, 2017, 1:22:41 PM)
[2017.09.20-07.22.41:817][495]LogPlayLevel: Creating play world package: /Game/TopDownCPP/Maps/UEDPIE_0_TopDownExampleMap
[2017.09.20-07.22.41:849][495]LogPlayLevel: PIE: StaticDuplicateObject took: (0.031589s)
[2017.09.20-07.22.41:853][495]LogAIModule: Creating AISystem for world TopDownExampleMap
[2017.09.20-07.22.41:854][495]LogPlayLevel: PIE: World Init took: (0.005116s)
[2017.09.20-07.22.41:857][495]LogPlayLevel: PIE: Created PIE world by copying editor world from /Game/TopDownCPP/Maps/TopDownExampleMap.TopDownExampleMap to /Game/TopDownCPP/Maps/UEDPIE_0_TopDownExampleMap.TopDownExampleMap (0.040172s)
[2017.09.20-07.22.41:871][495]LogInit: XAudio2 using 'Kaiuttimet (Realtek High Definition Audio)' : 2 channels at 48 kHz using 32 bits per sample (channel mask 0x3)
[2017.09.20-07.22.41:882][495]LogInit: FAudioDevice initialized.
[2017.09.20-07.22.41:923][495]LogLoad: Game class is 'ProjectPathfindingGameMode'
[2017.09.20-07.22.41:926][495]LogWorld: Bringing World /Game/TopDownCPP/Maps/UEDPIE_0_TopDownExampleMap.TopDownExampleMap up for play (max tick rate 0) at 2017.09.20-10.22.41
[2017.09.20-07.22.41:926][495]LogWorld: Bringing up level for play took: 0.001646
[2017.09.20-07.22.41:975][495]LogContentBrowser: Native class hierarchy updated for 'MovieSceneCapture' in 0.0012 seconds. Added 11 classes and 0 folders.
[2017.09.20-07.22.41:977][495]PIE: Info Play in editor start time for /Game/TopDownCPP/Maps/UEDPIE_0_TopDownExampleMap 0.117
[2017.09.20-07.22.41:978][495]LogBlueprintUserMessages: Late PlayInEditor Detection: Level '/Game/TopDownCPP/Maps/TopDownExampleMap.TopDownExampleMap:PersistentLevel' has LevelScriptBlueprint '/Game/TopDownCPP/Maps/TopDownExampleMap.TopDownExampleMap:PersistentLevel.TopDownExampleMap' with GeneratedClass '/Game/TopDownCPP/Maps/TopDownExampleMap.TopDownExampleMap_C' with ClassGeneratedBy '/Game/TopDownCPP/Maps/TopDownExampleMap.TopDownExampleMap:PersistentLevel.TopDownExampleMap'
[2017.09.20-07.23.42:543][682]LogBlueprintUserMessages: Early EndPlayMap Detection: Level '/Game/TopDownCPP/Maps/TopDownExampleMap.TopDownExampleMap:PersistentLevel' has LevelScriptBlueprint '/Game/TopDownCPP/Maps/TopDownExampleMap.TopDownExampleMap:PersistentLevel.TopDownExampleMap' with GeneratedClass '/Game/TopDownCPP/Maps/TopDownExampleMap.TopDownExampleMap_C' with ClassGeneratedBy '/Game/TopDownCPP/Maps/TopDownExampleMap.TopDownExampleMap:PersistentLevel.TopDownExampleMap'
[2017.09.20-07.23.42:601][682]LogBlueprintUserMessages: Late EndPlayMap Detection: Level '/Game/TopDownCPP/Maps/TopDownExampleMap.TopDownExampleMap:PersistentLevel' has LevelScriptBlueprint '/Game/TopDownCPP/Maps/TopDownExampleMap.TopDownExampleMap:PersistentLevel.TopDownExampleMap' with GeneratedClass '/Game/TopDownCPP/Maps/TopDownExampleMap.TopDownExampleMap_C' with ClassGeneratedBy '/Game/TopDownCPP/Maps/TopDownExampleMap.TopDownExampleMap:PersistentLevel.TopDownExampleMap'
[2017.09.20-07.25.59:450][152]LogSlate: Took 0.000174 seconds to synchronously load lazily loaded font '../../../Engine/Content/Slate/Fonts/Roboto-Light.ttf' (159K)
[2017.09.20-07.25.59:574][152]LogContentBrowser: Native class hierarchy updated for 'SkeletonEditor' in 0.0030 seconds. Added 1 classes and 2 folders.
[2017.09.20-07.25.59:729][152]LogActorComponent: RegisterComponentWithWorld: (/Engine/Transient.World_3:PersistentLevel.Actor_0.DebugSkelMeshComponent_0) Already registered. Aborting.
[2017.09.20-07.25.59:767][152]LogSkeletalMesh: USkeletalMeshComponent::InitArticulated : Bodies already created (/Engine/Transient.World_3:PersistentLevel.Actor_0.DebugSkelMeshComponent_0) - call TermArticulated first.
[2017.09.20-07.26.00:265][152]LogSlate: Took 0.001520 seconds to synchronously load lazily loaded font '../../../Engine/Content/Editor/Slate/Fonts/Roboto-Italic.ttf' (157K)
[2017.09.20-07.26.00:316][152]LogContentBrowser: Native class hierarchy updated for 'ClothingSystemEditorInterface' in 0.0011 seconds. Added 1 classes and 0 folders.
[2017.09.20-07.26.05:602][236]LogActorComponent: RegisterComponentWithWorld: (/Engine/Transient.World_7:PersistentLevel.Actor_1.DebugSkelMeshComponent_1) Already registered. Aborting.
[2017.09.20-07.26.05:926][236]LogContentBrowser: Native class hierarchy updated for 'BlueprintGraph' in 0.0013 seconds. Added 112 classes and 0 folders.
[2017.09.20-07.26.06:435][236]LogSkeletalMesh: USkeletalMeshComponent::InitArticulated : Bodies already created (/Engine/Transient.World_7:PersistentLevel.Actor_1.DebugSkelMeshComponent_1) - call TermArticulated first.
[2017.09.20-07.26.06:763][236]LogSlate: Took 0.001464 seconds to synchronously load lazily loaded font '../../../Engine/Content/Editor/Slate/Fonts/Roboto-BoldCondensed.ttf' (158K)
[2017.09.20-07.26.50:410][374]LogSavePackage: Save=125.71ms
[2017.09.20-07.26.50:410][374]LogSavePackage: Moving '../../../../../../Users/VilleHut/Documents/Unreal Projects/ProjectPathfinding/Saved/TopDownExampleMapE1034BC4413624F2FBAA3EB926230D68.tmp' to '../../../../../../Users/VilleHut/Documents/Unreal Projects/ProjectPathfinding/Content/TopDownCPP/Maps/TopDownExampleMap.umap'
[2017.09.20-07.26.50:412][374]LogSavePackage:Display: Finished SavePackage ../../../../../../Users/VilleHut/Documents/Unreal Projects/ProjectPathfinding/Content/TopDownCPP/Maps/TopDownExampleMap.umap
[2017.09.20-07.26.50:532][374]LogSavePackage: Save=108.88ms
[2017.09.20-07.26.50:532][374]LogSavePackage: Moving '../../../../../../Users/VilleHut/Documents/Unreal Projects/ProjectPathfinding/Saved/TopDownExampleMap_BuiltData7EE5FA4E4BAE89E14B54A3A45C90DCD9.tmp' to '../../../../../../Users/VilleHut/Documents/Unreal Projects/ProjectPathfinding/Content/TopDownCPP/Maps/TopDownExampleMap_BuiltData.uasset'
[2017.09.20-07.26.50:533][374]LogSavePackage:Display: Finished SavePackage ../../../../../../Users/VilleHut/Documents/Unreal Projects/ProjectPathfinding/Content/TopDownCPP/Maps/TopDownExampleMap_BuiltData.uasset
[2017.09.20-07.26.53:981][495]Candidate modules for hot reload:
[2017.09.20-07.26.53:981][495]  ProjectPathfinding
[2017.09.20-07.26.53:981][495]Launching UnrealBuildTool... [C:/Program Files/Epic Games/UE_4.16/Engine/Binaries/DotNET/UnrealBuildTool.exe ProjectPathfinding -ModuleWithSuffix ProjectPathfinding 8803 Win64 Development -editorrecompile -canskiplink "C:/Users/VilleHut/Documents/Unreal Projects/ProjectPathfinding/ProjectPathfinding.uproject" ]
[2017.09.20-07.26.53:983][495]Warning: Starting HotReload took  0.0s.
[2017.09.20-07.27.00:251][708]CompilerResultsLog: New page: Compilation - Sep 20, 2017, 1:27:00 PM
[2017.09.20-07.27.00:251][708]CompilerResultsLog: Info Performing full C++ include scan (hot reloading a new target)
[2017.09.20-07.27.00:251][708]CompilerResultsLog: Info Compiling game modules for hot reload
[2017.09.20-07.27.00:251][708]CompilerResultsLog: Info Target is up to date
[2017.09.20-07.27.00:251][708]CompilerResultsLog: Info Total build time: 6,05 seconds (NoActionsToExecute executor: 0,00 seconds)
[2017.09.20-07.27.00:251][708]LogMainFrame: MainFrame: Module compiling took 6.285 seconds
[2017.09.20-07.27.00:479][708]LogContentBrowser: Native class hierarchy populated in 0.0086 seconds. Added 2335 classes and 499 folders.
[2017.09.20-07.27.00:479][708]Display: HotReload took  6.5s.
[2017.09.20-07.27.03:633][809]LogSavePackage: Save=124.88ms
[2017.09.20-07.27.03:633][809]LogSavePackage: Moving '../../../../../../Users/VilleHut/Documents/Unreal Projects/ProjectPathfinding/Saved/TopDownExampleMap12E3DB0F40AF3DF9EC9EB186D813130F.tmp' to '../../../../../../Users/VilleHut/Documents/Unreal Projects/ProjectPathfinding/Content/TopDownCPP/Maps/TopDownExampleMap.umap'
[2017.09.20-07.27.03:635][809]LogSavePackage:Display: Finished SavePackage ../../../../../../Users/VilleHut/Documents/Unreal Projects/ProjectPathfinding/Content/TopDownCPP/Maps/TopDownExampleMap.umap
[2017.09.20-07.27.03:755][809]LogSavePackage: Save=110.30ms
[2017.09.20-07.27.03:755][809]LogSavePackage: Moving '../../../../../../Users/VilleHut/Documents/Unreal Projects/ProjectPathfinding/Saved/TopDownExampleMap_BuiltData2AC7418848E8744125E16CA5CE67A88A.tmp' to '../../../../../../Users/VilleHut/Documents/Unreal Projects/ProjectPathfinding/Content/TopDownCPP/Maps/TopDownExampleMap_BuiltData.uasset'
[2017.09.20-07.27.03:757][809]LogSavePackage:Display: Finished SavePackage ../../../../../../Users/VilleHut/Documents/Unreal Projects/ProjectPathfinding/Content/TopDownCPP/Maps/TopDownExampleMap_BuiltData.uasset
[2017.09.20-07.29.49:008][368]LogTemp: Repeting last play command: Selected Viewport
[2017.09.20-07.29.49:016][368]LogBlueprintUserMessages: Early PlayInEditor Detection: Level '/Game/TopDownCPP/Maps/TopDownExampleMap.TopDownExampleMap:PersistentLevel' has LevelScriptBlueprint '/Game/TopDownCPP/Maps/TopDownExampleMap.TopDownExampleMap:PersistentLevel.TopDownExampleMap' with GeneratedClass '/Game/TopDownCPP/Maps/TopDownExampleMap.TopDownExampleMap_C' with ClassGeneratedBy '/Game/TopDownCPP/Maps/TopDownExampleMap.TopDownExampleMap:PersistentLevel.TopDownExampleMap'
[2017.09.20-07.29.49:016][368]LogPlayLevel: PlayLevel: No blueprints needed recompiling
[2017.09.20-07.29.49:017][368]PIE: New page: PIE session: TopDownExampleMap (Sep 20, 2017, 1:29:49 PM)
[2017.09.20-07.29.49:017][368]LogPlayLevel: Creating play world package: /Game/TopDownCPP/Maps/UEDPIE_0_TopDownExampleMap
[2017.09.20-07.29.49:043][368]LogPlayLevel: PIE: StaticDuplicateObject took: (0.025741s)
[2017.09.20-07.29.49:043][368]LogAIModule: Creating AISystem for world TopDownExampleMap
[2017.09.20-07.29.49:044][368]LogPlayLevel: PIE: World Init took: (0.000875s)
[2017.09.20-07.29.49:044][368]LogPlayLevel: PIE: Created PIE world by copying editor world from /Game/TopDownCPP/Maps/TopDownExampleMap.TopDownExampleMap to /Game/TopDownCPP/Maps/UEDPIE_0_TopDownExampleMap.TopDownExampleMap (0.026861s)
[2017.09.20-07.29.49:077][368]LogInit: XAudio2 using 'Kaiuttimet (Realtek High Definition Audio)' : 2 channels at 48 kHz using 32 bits per sample (channel mask 0x3)
[2017.09.20-07.29.49:088][368]LogInit: FAudioDevice initialized.
[2017.09.20-07.29.49:120][368]LogLoad: Game class is 'ProjectPathfindingGameMode'
[2017.09.20-07.29.49:123][368]LogWorld: Bringing World /Game/TopDownCPP/Maps/UEDPIE_0_TopDownExampleMap.TopDownExampleMap up for play (max tick rate 0) at 2017.09.20-10.29.49
[2017.09.20-07.29.49:123][368]LogWorld: Bringing up level for play took: 0.001551
[2017.09.20-07.29.49:125][368]PIE: Info Play in editor start time for /Game/TopDownCPP/Maps/UEDPIE_0_TopDownExampleMap -0.795
[2017.09.20-07.29.49:125][368]LogBlueprintUserMessages: Late PlayInEditor Detection: Level '/Game/TopDownCPP/Maps/TopDownExampleMap.TopDownExampleMap:PersistentLevel' has LevelScriptBlueprint '/Game/TopDownCPP/Maps/TopDownExampleMap.TopDownExampleMap:PersistentLevel.TopDownExampleMap' with GeneratedClass '/Game/TopDownCPP/Maps/TopDownExampleMap.TopDownExampleMap_C' with ClassGeneratedBy '/Game/TopDownCPP/Maps/TopDownExampleMap.TopDownExampleMap:PersistentLevel.TopDownExampleMap'
[2017.09.20-07.32.05:748][423]LogBlueprintUserMessages: Early EndPlayMap Detection: Level '/Game/TopDownCPP/Maps/TopDownExampleMap.TopDownExampleMap:PersistentLevel' has LevelScriptBlueprint '/Game/TopDownCPP/Maps/TopDownExampleMap.TopDownExampleMap:PersistentLevel.TopDownExampleMap' with GeneratedClass '/Game/TopDownCPP/Maps/TopDownExampleMap.TopDownExampleMap_C' with ClassGeneratedBy '/Game/TopDownCPP/Maps/TopDownExampleMap.TopDownExampleMap:PersistentLevel.TopDownExampleMap'
[2017.09.20-07.32.05:802][423]LogBlueprintUserMessages: Late EndPlayMap Detection: Level '/Game/TopDownCPP/Maps/TopDownExampleMap.TopDownExampleMap:PersistentLevel' has LevelScriptBlueprint '/Game/TopDownCPP/Maps/TopDownExampleMap.TopDownExampleMap:PersistentLevel.TopDownExampleMap' with GeneratedClass '/Game/TopDownCPP/Maps/TopDownExampleMap.TopDownExampleMap_C' with ClassGeneratedBy '/Game/TopDownCPP/Maps/TopDownExampleMap.TopDownExampleMap:PersistentLevel.TopDownExampleMap'
[2017.09.20-07.35.14:599][ 53]Cmd: QUIT_EDITOR
[2017.09.20-07.35.14:656][ 53]LogExit: Preparing to exit.
[2017.09.20-07.35.15:823][ 53]LogDirectoryWatcher: A directory notification for 'C:/Users/VilleHut/Documents/Unreal Projects/ProjectPathfinding/Content/' was aborted.
[2017.09.20-07.35.15:867][ 53]LogExit: Editor shut down
[2017.09.20-07.35.15:872][ 53]LogExit: Transaction tracking system shut down
[2017.09.20-07.35.15:958][ 53]LogObj: Freed 0b from 0 cluster array pools.
[2017.09.20-07.35.15:958][ 53]LogExit: Object subsystem successfully closed.
[2017.09.20-07.35.15:977][ 53]LogD3D11RHI: Shutdown
[2017.09.20-07.35.15:977][ 53]LogD3D11RHI: CleanupD3DDevice
[2017.09.20-07.35.16:030][ 53]LogD3D11RHI: ~FD3D11DynamicRHI
[2017.09.20-07.35.16:045][ 53]LogModuleManager: Shutting down and abandoning module BlueprintGraph (540)
[2017.09.20-07.35.16:045][ 53]LogModuleManager: Shutting down and abandoning module BlueprintProfiler (538)
[2017.09.20-07.35.16:045][ 53]LogModuleManager: Shutting down and abandoning module AnimationBlueprintEditor (536)
[2017.09.20-07.35.16:045][ 53]LogModuleManager: Shutting down and abandoning module ClothingSystemEditorInterface (534)
[2017.09.20-07.35.16:045][ 53]LogModuleManager: Shutting down and abandoning module SkeletonEditor (532)
[2017.09.20-07.35.16:045][ 53]LogModuleManager: Shutting down and abandoning module SkeletalMeshEditor (530)
[2017.09.20-07.35.16:045][ 53]LogModuleManager: Shutting down and abandoning module MovieSceneCapture (528)
[2017.09.20-07.35.16:045][ 53]LogModuleManager: Shutting down and abandoning module HierarchicalLODOutliner (526)
[2017.09.20-07.35.16:045][ 53]LogModuleManager: Shutting down and abandoning module CrashTracker (524)
[2017.09.20-07.35.16:045][ 53]LogModuleManager: Shutting down and abandoning module SceneOutliner (522)
[2017.09.20-07.35.16:045][ 53]LogModuleManager: Shutting down and abandoning module AddContentDialog (520)
[2017.09.20-07.35.16:045][ 53]LogDirectoryWatcher: A directory notification for 'C:/Program Files/Epic Games/UE_4.16/FeaturePacks/' was aborted.
[2017.09.20-07.35.16:046][ 53]LogModuleManager: Shutting down and abandoning module WidgetCarousel (519)
[2017.09.20-07.35.16:046][ 53]LogModuleManager: Shutting down and abandoning module EditorWidgets (516)
[2017.09.20-07.35.16:046][ 53]LogModuleManager: Shutting down and abandoning module CollectionManager (514)
[2017.09.20-07.35.16:046][ 53]LogDirectoryWatcher: A directory notification for 'C:/Users/VilleHut/Documents/Unreal Projects/ProjectPathfinding/Content/Collections/' was aborted.
[2017.09.20-07.35.16:046][ 53]LogDirectoryWatcher: A directory notification for 'C:/Users/VilleHut/Documents/Unreal Projects/ProjectPathfinding/Content/Developers/VilleHut/Collections/' was aborted.
[2017.09.20-07.35.16:046][ 53]LogDirectoryWatcher: A directory notification for 'C:/Users/VilleHut/Documents/Unreal Projects/ProjectPathfinding/Saved/Collections/' was aborted.
[2017.09.20-07.35.16:046][ 53]LogModuleManager: Shutting down and abandoning module StatsViewer (512)
[2017.09.20-07.35.16:046][ 53]LogModuleManager: Shutting down and abandoning module FoliageEdit (510)
[2017.09.20-07.35.16:046][ 53]LogModuleManager: Shutting down and abandoning module LandscapeEditor (508)
[2017.09.20-07.35.16:047][ 53]LogModuleManager: Shutting down and abandoning module MeshPaintMode (506)
[2017.09.20-07.35.16:047][ 53]LogModuleManager: Shutting down and abandoning module SceneDepthPickerMode (504)
[2017.09.20-07.35.16:047][ 53]LogModuleManager: Shutting down and abandoning module ActorPickerMode (502)
[2017.09.20-07.35.16:047][ 53]LogModuleManager: Shutting down and abandoning module GeometryMode (500)
[2017.09.20-07.35.16:047][ 53]LogModuleManager: Shutting down and abandoning module TextureAlignMode (498)
[2017.09.20-07.35.16:047][ 53]LogModuleManager: Shutting down and abandoning module BspMode (496)
[2017.09.20-07.35.16:047][ 53]LogModuleManager: Shutting down and abandoning module HardwareSurvey (494)
[2017.09.20-07.35.16:047][ 53]LogModuleManager: Shutting down and abandoning module SequenceRecorderSections (492)
[2017.09.20-07.35.16:047][ 53]LogModuleManager: Shutting down and abandoning module AutomationWorker (490)
[2017.09.20-07.35.16:047][ 53]LogModuleManager: Shutting down and abandoning module MatineeToLevelSequence (488)
[2017.09.20-07.35.16:047][ 53]LogModuleManager: Shutting down and abandoning module LevelSequenceEditor (486)
[2017.09.20-07.35.16:047][ 53]LogModuleManager: Shutting down and abandoning module PlacementMode (485)
[2017.09.20-07.35.16:047][ 53]LogModuleManager: Shutting down and abandoning module WmfMediaFactory (482)
[2017.09.20-07.35.16:047][ 53]LogModuleManager: Shutting down and abandoning module WmfMediaEditor (480)
[2017.09.20-07.35.16:047][ 53]LogModuleManager: Shutting down and abandoning module AvfMediaFactory (478)
[2017.09.20-07.35.16:047][ 53]LogModuleManager: Shutting down and abandoning module AvfMediaEditor (476)
[2017.09.20-07.35.16:047][ 53]LogModuleManager: Shutting down and abandoning module AndroidMediaFactory (474)
[2017.09.20-07.35.16:047][ 53]LogModuleManager: Shutting down and abandoning module Media (473)
[2017.09.20-07.35.16:047][ 53]LogModuleManager: Shutting down and abandoning module AndroidMediaEditor (470)
[2017.09.20-07.35.16:047][ 53]LogModuleManager: Shutting down and abandoning module CharacterAI (468)
[2017.09.20-07.35.16:047][ 53]LogModuleManager: Shutting down and abandoning module AudioCapture (466)
[2017.09.20-07.35.16:047][ 53]LogModuleManager: Shutting down and abandoning module SequenceRecorder (465)
[2017.09.20-07.35.16:047][ 53]LogModuleManager: Shutting down and abandoning module SmartSnapping (462)
[2017.09.20-07.35.16:047][ 53]LogModuleManager: Shutting down and abandoning module SessionServices (460)
[2017.09.20-07.35.16:047][ 53]LogModuleManager: Shutting down and abandoning module ViewportSnapping (458)
[2017.09.20-07.35.16:047][ 53]LogModuleManager: Shutting down and abandoning module ViewportInteraction (456)
[2017.09.20-07.35.16:047][ 53]LogModuleManager: Shutting down and abandoning module ClothPainter (454)
[2017.09.20-07.35.16:047][ 53]LogModuleManager: Shutting down and abandoning module LogVisualizer (452)
[2017.09.20-07.35.16:047][ 53]LogModuleManager: Shutting down and abandoning module IntroTutorials (450)
[2017.09.20-07.35.16:047][ 53]LogModuleManager: Shutting down and abandoning module GameProjectGeneration (449)
[2017.09.20-07.35.16:047][ 53]LogModuleManager: Shutting down and abandoning module EditorLiveStreaming (446)
[2017.09.20-07.35.16:047][ 53]LogModuleManager: Shutting down and abandoning module IOSPlatformEditor (444)
[2017.09.20-07.35.16:047][ 53]LogModuleManager: Shutting down and abandoning module HTML5PlatformEditor (442)
[2017.09.20-07.35.16:047][ 53]LogModuleManager: Shutting down and abandoning module AndroidPlatformEditor (440)
[2017.09.20-07.35.16:047][ 53]LogModuleManager: Shutting down and abandoning module AndroidDeviceDetection (439)
[2017.09.20-07.35.16:950][ 53]LogModuleManager: Shutting down and abandoning module IOSRuntimeSettings (436)
[2017.09.20-07.35.16:950][ 53]LogModuleManager: Shutting down and abandoning module AndroidRuntimeSettings (434)
[2017.09.20-07.35.16:950][ 53]LogModuleManager: Shutting down and abandoning module InputBindingEditor (432)
[2017.09.20-07.35.16:950][ 53]LogModuleManager: Shutting down and abandoning module MergeActors (430)
[2017.09.20-07.35.16:950][ 53]LogModuleManager: Shutting down and abandoning module SizeMap (428)
[2017.09.20-07.35.16:950][ 53]LogModuleManager: Shutting down and abandoning module TreeMap (426)
[2017.09.20-07.35.16:950][ 53]LogModuleManager: Shutting down and abandoning module ReferenceViewer (424)
[2017.09.20-07.35.16:950][ 53]LogModuleManager: Shutting down and abandoning module LocalizationDashboard (422)
[2017.09.20-07.35.16:950][ 53]LogModuleManager: Shutting down and abandoning module LocalizationService (421)
[2017.09.20-07.35.16:950][ 53]LogModuleManager: Shutting down and abandoning module HardwareTargeting (418)
[2017.09.20-07.35.16:950][ 53]LogModuleManager: Shutting down and abandoning module DeviceProfileEditor (416)
[2017.09.20-07.35.16:950][ 53]LogModuleManager: Shutting down and abandoning module UndoHistory (414)
[2017.09.20-07.35.16:950][ 53]LogModuleManager: Shutting down and abandoning module UserFeedback (412)
[2017.09.20-07.35.16:950][ 53]LogModuleManager: Shutting down and abandoning module XmlParser (410)
[2017.09.20-07.35.16:950][ 53]LogModuleManager: Shutting down and abandoning module Blutility (408)
[2017.09.20-07.35.16:950][ 53]LogModuleManager: Shutting down and abandoning module ProjectSettingsViewer (406)
[2017.09.20-07.35.16:950][ 53]LogModuleManager: Shutting down and abandoning module ProjectTargetPlatformEditor (405)
[2017.09.20-07.35.16:950][ 53]LogModuleManager: Shutting down and abandoning module EditorSettingsViewer (402)
[2017.09.20-07.35.16:950][ 53]LogModuleManager: Shutting down and abandoning module SettingsEditor (400)
[2017.09.20-07.35.16:950][ 53]LogModuleManager: Shutting down and abandoning module ProjectLauncher (398)
[2017.09.20-07.35.16:951][ 53]LogModuleManager: Shutting down and abandoning module SessionFrontend (396)
[2017.09.20-07.35.16:951][ 53]LogModuleManager: Shutting down and abandoning module ProfilerClient (394)
[2017.09.20-07.35.16:951][ 53]LogModuleManager: Shutting down and abandoning module DeviceManager (392)
[2017.09.20-07.35.16:951][ 53]LogModuleManager: Shutting down and abandoning module TargetDeviceServices (391)
[2017.09.20-07.35.17:001][ 53]LogModuleManager: Shutting down and abandoning module AutomationController (388)
[2017.09.20-07.35.17:001][ 53]LogModuleManager: Shutting down and abandoning module AutomationWindow (386)
[2017.09.20-07.35.17:001][ 53]LogModuleManager: Shutting down and abandoning module Layers (384)
[2017.09.20-07.35.17:001][ 53]LogModuleManager: Shutting down and abandoning module ComponentVisualizers (382)
[2017.09.20-07.35.17:001][ 53]LogModuleManager: Shutting down and abandoning module DetailCustomizations (380)
[2017.09.20-07.35.17:001][ 53]LogModuleManager: Shutting down and abandoning module PackagesDialog (378)
[2017.09.20-07.35.17:001][ 53]LogModuleManager: Shutting down and abandoning module Persona (376)
[2017.09.20-07.35.17:001][ 53]LogModuleManager: Shutting down and abandoning module AdvancedPreviewScene (375)
[2017.09.20-07.35.17:001][ 53]LogModuleManager: Shutting down and abandoning module AnimGraph (373)
[2017.09.20-07.35.17:001][ 53]LogModuleManager: Shutting down and abandoning module Kismet (370)
[2017.09.20-07.35.17:015][ 53]LogModuleManager: Shutting down and abandoning module ClassViewer (368)
[2017.09.20-07.35.17:015][ 53]LogModuleManager: Shutting down and abandoning module Toolbox (366)
[2017.09.20-07.35.17:015][ 53]LogModuleManager: Shutting down and abandoning module ModuleUI (364)
[2017.09.20-07.35.17:015][ 53]LogModuleManager: Shutting down and abandoning module MovieSceneTools (362)
[2017.09.20-07.35.17:015][ 53]LogModuleManager: Shutting down and abandoning module OutputLog (360)
[2017.09.20-07.35.17:015][ 53]LogModuleManager: Shutting down and abandoning module GammaUI (358)
[2017.09.20-07.35.17:015][ 53]LogModuleManager: Shutting down and abandoning module Documentation (356)
[2017.09.20-07.35.17:015][ 53]LogModuleManager: Shutting down and abandoning module MovieSceneTracks (354)
[2017.09.20-07.35.17:016][ 53]LogModuleManager: Shutting down and abandoning module MovieScene (352)
[2017.09.20-07.35.17:016][ 53]LogModuleManager: Shutting down and abandoning module Niagara (350)
[2017.09.20-07.35.17:016][ 53]LogModuleManager: Shutting down and abandoning module NiagaraEditor (349)
[2017.09.20-07.35.17:016][ 53]LogModuleManager: Shutting down and abandoning module StreamingPauseRendering (346)
[2017.09.20-07.35.17:016][ 53]LogModuleManager: Shutting down and abandoning module AnalyticsET (344)
[2017.09.20-07.35.17:016][ 53]LogModuleManager: Shutting down and abandoning module PortalServices (342)
[2017.09.20-07.35.17:016][ 53]LogModuleManager: Shutting down and abandoning module PortalRpc (340)
[2017.09.20-07.35.17:016][ 53]LogModuleManager: Shutting down and abandoning module MessagingRpc (338)
[2017.09.20-07.35.17:016][ 53]LogModuleManager: Shutting down and abandoning module AIModule (336)
[2017.09.20-07.35.17:016][ 53]LogModuleManager: Shutting down and abandoning module GameplayDebugger (335)
[2017.09.20-07.35.17:016][ 53]LogModuleManager: Shutting down and abandoning module AITestSuite (333)
[2017.09.20-07.35.17:016][ 53]LogModuleManager: Shutting down and abandoning module ProfilerService (330)
[2017.09.20-07.35.17:134][ 53]LogModuleManager: Shutting down and abandoning module TaskGraph (328)
[2017.09.20-07.35.17:134][ 53]LogModuleManager: Shutting down and abandoning module SteamVRController (326)
[2017.09.20-07.35.17:134][ 53]LogModuleManager: Shutting down and abandoning module SteamVR (324)
[2017.09.20-07.35.17:134][ 53]LogModuleManager: Shutting down and abandoning module ProceduralMeshComponentEditor (322)
[2017.09.20-07.35.17:134][ 53]LogModuleManager: Shutting down and abandoning module ProceduralMeshComponent (320)
[2017.09.20-07.35.17:134][ 53]LogModuleManager: Shutting down and abandoning module OculusLibrary (318)
[2017.09.20-07.35.17:134][ 53]LogModuleManager: Shutting down and abandoning module OculusInput (316)
[2017.09.20-07.35.17:134][ 53]LogModuleManager: Shutting down and abandoning module MobilePatchingUtils (314)
[2017.09.20-07.35.17:134][ 53]LogModuleManager: Shutting down and abandoning module CustomMeshComponent (312)
[2017.09.20-07.35.17:134][ 53]LogModuleManager: Shutting down and abandoning module CableComponent (310)
[2017.09.20-07.35.17:134][ 53]LogModuleManager: Shutting down and abandoning module ArchVisCharacter (308)
[2017.09.20-07.35.17:134][ 53]LogModuleManager: Shutting down and abandoning module AndroidPermission (306)
[2017.09.20-07.35.17:134][ 53]LogModuleManager: Shutting down and abandoning module MediaPlayerEditor (302)
[2017.09.20-07.35.17:134][ 53]LogModuleManager: Shutting down and abandoning module HTML5Networking (300)
[2017.09.20-07.35.17:134][ 53]LogModuleManager: Shutting down and abandoning module AlembicImporter (298)
[2017.09.20-07.35.17:134][ 53]LogModuleManager: Shutting down and abandoning module AlembicLibrary (297)
[2017.09.20-07.35.17:134][ 53]LogModuleManager: Shutting down and abandoning module GeometryCache (296)
[2017.09.20-07.35.17:134][ 53]LogModuleManager: Shutting down and abandoning module GeometryCacheEd (295)
[2017.09.20-07.35.17:134][ 53]LogModuleManager: Shutting down and abandoning module SuperSearchEditor (290)
[2017.09.20-07.35.17:135][ 53]LogModuleManager: Shutting down and abandoning module SuperSearch (289)
[2017.09.20-07.35.17:135][ 53]LogModuleManager: Shutting down and abandoning module SpeedTreeImporter (286)
[2017.09.20-07.35.17:135][ 53]LogModuleManager: Shutting down and abandoning module PluginBrowser (284)
[2017.09.20-07.35.17:135][ 53]LogModuleManager: Shutting down and abandoning module MobileLauncherProfileWizard (282)
[2017.09.20-07.35.17:135][ 53]LogModuleManager: Shutting down and abandoning module VisualStudioSourceCodeAccess (280)
[2017.09.20-07.35.17:135][ 53]LogModuleManager: Shutting down and abandoning module DesktopPlatform (279)
[2017.09.20-07.35.17:135][ 53]LogModuleManager: Shutting down and abandoning module UObjectPlugin (276)
[2017.09.20-07.35.17:135][ 53]LogModuleManager: Shutting down and abandoning module SubversionSourceControl (274)
[2017.09.20-07.35.17:135][ 53]LogModuleManager: Shutting down and abandoning module PerforceSourceControl (272)
[2017.09.20-07.35.17:135][ 53]LogModuleManager: Shutting down and abandoning module GitSourceControl (270)
[2017.09.20-07.35.17:135][ 53]LogModuleManager: Shutting down and abandoning module SourceControl (269)
[2017.09.20-07.35.17:135][ 53]LogModuleManager: Shutting down and abandoning module LightPropagationVolumeEditor (266)
[2017.09.20-07.35.17:135][ 53]LogModuleManager: Shutting down and abandoning module PaperTiledImporter (264)
[2017.09.20-07.35.17:135][ 53]LogModuleManager: Shutting down and abandoning module PaperSpriteSheetImporter (262)
[2017.09.20-07.35.17:135][ 53]LogModuleManager: Shutting down and abandoning module Paper2DEditor (260)
[2017.09.20-07.35.17:135][ 53]LogModuleManager: Shutting down and abandoning module MeshPaint (259)
[2017.09.20-07.35.17:135][ 53]LogModuleManager: Shutting down and abandoning module LevelEditor (257)
[2017.09.20-07.35.17:137][ 53]LogModuleManager: Shutting down and abandoning module PixelInspectorModule (256)
[2017.09.20-07.35.17:137][ 53]LogModuleManager: Shutting down and abandoning module MainFrame (254)
[2017.09.20-07.35.17:137][ 53]LogModuleManager: Shutting down and abandoning module HotReload (253)
[2017.09.20-07.35.17:137][ 53]LogDirectoryWatcher: A directory notification for 'C:/Users/VilleHut/Documents/Unreal Projects/ProjectPathfinding/Binaries/Win64' was aborted.
[2017.09.20-07.35.17:139][ 53]LogModuleManager: Shutting down and abandoning module ProjectPathfinding (248)
[2017.09.20-07.35.17:139][ 53]LogModuleManager: Shutting down and abandoning module PhysXVehiclesEditor (246)
[2017.09.20-07.35.17:139][ 53]LogModuleManager: Shutting down and abandoning module PhysXVehicles (244)
[2017.09.20-07.35.17:139][ 53]LogModuleManager: Shutting down and abandoning module LocationServicesBPLibrary (242)
[2017.09.20-07.35.17:139][ 53]LogModuleManager: Shutting down and abandoning module ImmediatePhysicsEditor (240)
[2017.09.20-07.35.17:139][ 53]LogModuleManager: Shutting down and abandoning module ImmediatePhysics (238)
[2017.09.20-07.35.17:139][ 53]LogModuleManager: Shutting down and abandoning module UdpMessaging (236)
[2017.09.20-07.35.17:239][ 53]LogModuleManager: Shutting down and abandoning module TcpMessaging (234)
[2017.09.20-07.35.17:339][ 53]LogModuleManager: Shutting down and abandoning module GameplayTagsEditor (232)
[2017.09.20-07.35.17:339][ 53]LogModuleManager: Shutting down and abandoning module FacialAnimationEditor (230)
[2017.09.20-07.35.17:339][ 53]LogModuleManager: Shutting down and abandoning module FacialAnimation (228)
[2017.09.20-07.35.17:339][ 53]LogModuleManager: Shutting down and abandoning module AssetManagerEditor (226)
[2017.09.20-07.35.17:339][ 53]LogModuleManager: Shutting down and abandoning module GraphEditor (225)
[2017.09.20-07.35.17:339][ 53]LogModuleManager: Shutting down and abandoning module ContentBrowser (223)
[2017.09.20-07.35.17:342][ 53]LogModuleManager: Shutting down and abandoning module LightPropagationVolumeRuntime (220)
[2017.09.20-07.35.17:342][ 53]LogModuleManager: Shutting down and abandoning module Paper2D (218)
[2017.09.20-07.35.17:342][ 53]LogModuleManager: Shutting down and abandoning module WindowsMoviePlayer (216)
[2017.09.20-07.35.17:342][ 53]LogModuleManager: Shutting down and abandoning module WmfMedia (214)
[2017.09.20-07.35.17:343][ 53]LogModuleManager: Shutting down and abandoning module ClothingSystemEditor (212)
[2017.09.20-07.35.17:343][ 53]LogModuleManager: Shutting down and abandoning module ClothingSystemRuntime (210)
[2017.09.20-07.35.17:344][ 53]LogModuleManager: Shutting down and abandoning module MediaAssets (208)
[2017.09.20-07.35.17:344][ 53]LogModuleManager: Shutting down and abandoning module GameLiveStreaming (206)
[2017.09.20-07.35.17:344][ 53]LogModuleManager: Shutting down and abandoning module VREditor (204)
[2017.09.20-07.35.17:344][ 53]LogModuleManager: Shutting down and abandoning module StringTableEditor (202)
[2017.09.20-07.35.17:344][ 53]LogModuleManager: Shutting down and abandoning module GameplayTasksEditor (200)
[2017.09.20-07.35.17:344][ 53]LogModuleManager: Shutting down and abandoning module BehaviorTreeEditor (198)
[2017.09.20-07.35.17:344][ 53]LogModuleManager: Shutting down and abandoning module FunctionalTesting (196)
[2017.09.20-07.35.17:344][ 53]LogModuleManager: Shutting down and abandoning module CollisionAnalyzer (194)
[2017.09.20-07.35.17:344][ 53]LogModuleManager: Shutting down and abandoning module UMG (192)
[2017.09.20-07.35.17:344][ 53]LogModuleManager: Shutting down and abandoning module UMGEditor (191)
[2017.09.20-07.35.17:344][ 53]LogModuleManager: Shutting down and abandoning module Sequencer (190)
[2017.09.20-07.35.17:345][ 53]LogModuleManager: Shutting down and abandoning module AssetTools (188)
[2017.09.20-07.35.17:345][ 53]LogModuleManager: Shutting down and abandoning module MessageLog (187)
[2017.09.20-07.35.17:345][ 53]LogModuleManager: Shutting down and abandoning module WorkspaceMenuStructure (186)
[2017.09.20-07.35.17:345][ 53]LogModuleManager: Shutting down and abandoning module SlateReflector (180)
[2017.09.20-07.35.17:345][ 53]LogModuleManager: Shutting down and abandoning module Slate (178)
[2017.09.20-07.35.17:345][ 53]LogModuleManager: Shutting down and abandoning module EditorStyle (176)
[2017.09.20-07.35.17:352][ 53]LogModuleManager: Shutting down and abandoning module SourceCodeAccess (174)
[2017.09.20-07.35.17:352][ 53]LogModuleManager: Shutting down and abandoning module HeadMountedDisplay (172)
[2017.09.20-07.35.17:352][ 53]LogModuleManager: Shutting down and abandoning module XAudio2 (170)
[2017.09.20-07.35.17:352][ 53]LogModuleManager: Shutting down and abandoning module Networking (168)
[2017.09.20-07.35.17:352][ 53]LogModuleManager: Shutting down and abandoning module Core (164)
[2017.09.20-07.35.17:352][ 53]LogModuleManager: Shutting down and abandoning module AssetRegistry (162)
[2017.09.20-07.35.17:484][ 53]LogDirectoryWatcher: A directory notification for '../../../Engine/Content/' was aborted.
[2017.09.20-07.35.17:484][ 53]LogDirectoryWatcher: A directory notification for '../../../../../../Users/VilleHut/Documents/Unreal Projects/ProjectPathfinding/Content/' was aborted.
[2017.09.20-07.35.17:484][ 53]LogDirectoryWatcher: A directory notification for '../../../Engine/Plugins/2D/Paper2D/Content/' was aborted.
[2017.09.20-07.35.17:484][ 53]LogDirectoryWatcher: A directory notification for '../../../Engine/Plugins/Runtime/GearVR/Content/' was aborted.
[2017.09.20-07.35.17:489][ 53]LogModuleManager: Shutting down and abandoning module DirectoryWatcher (161)
[2017.09.20-07.35.17:491][ 53]LogModuleManager: Shutting down and abandoning module KismetCompiler (158)
[2017.09.20-07.35.17:491][ 53]LogModuleManager: Shutting down and abandoning module PhysXFormats (156)
[2017.09.20-07.35.17:491][ 53]LogModuleManager: Shutting down and abandoning module MeshUtilities (154)
[2017.09.20-07.35.17:491][ 53]LogModuleManager: Shutting down and abandoning module SimplygonSwarm (153)
[2017.09.20-07.35.17:491][ 53]LogModuleManager: Shutting down and abandoning module SimplygonMeshReduction (151)
[2017.09.20-07.35.17:491][ 53]LogModuleManager: Shutting down and abandoning module QuadricMeshReduction (149)
[2017.09.20-07.35.17:491][ 53]LogModuleManager: Shutting down and abandoning module LevelSequence (146)
[2017.09.20-07.35.17:491][ 53]LogModuleManager: Shutting down and abandoning module DerivedDataCache (144)
[2017.09.20-07.35.17:567][ 53]LogDerivedDataCache: Shutdown
[2017.09.20-07.35.17:567][ 53]LogModuleManager: Shutting down and abandoning module TargetPlatform (142)
[2017.09.20-07.35.17:567][ 53]LogModuleManager: Shutting down and abandoning module VulkanShaderFormat (141)
[2017.09.20-07.35.17:567][ 53]LogModuleManager: Shutting down and abandoning module ShaderFormatVectorVM (139)
[2017.09.20-07.35.17:567][ 53]LogModuleManager: Shutting down and abandoning module ShaderFormatOpenGL (137)
[2017.09.20-07.35.17:567][ 53]LogModuleManager: Shutting down and abandoning module ShaderFormatD3D (135)
[2017.09.20-07.35.17:567][ 53]LogModuleManager: Shutting down and abandoning module MetalShaderFormat (133)
[2017.09.20-07.35.17:567][ 53]LogModuleManager: Shutting down and abandoning module TextureFormatUncompressed (131)
[2017.09.20-07.35.17:567][ 53]LogModuleManager: Shutting down and abandoning module TextureFormatPVR (129)
[2017.09.20-07.35.17:567][ 53]LogModuleManager: Shutting down and abandoning module TextureFormatDXT (127)
[2017.09.20-07.35.17:567][ 53]LogModuleManager: Shutting down and abandoning module TextureFormatIntelISPCTexComp (125)
[2017.09.20-07.35.17:567][ 53]LogModuleManager: Shutting down and abandoning module TextureFormatASTC (123)
[2017.09.20-07.35.17:567][ 53]LogModuleManager: Shutting down and abandoning module ImageWrapper (122)
[2017.09.20-07.35.17:567][ 53]LogModuleManager: Shutting down and abandoning module TextureFormatAndroid (119)
[2017.09.20-07.35.17:567][ 53]LogModuleManager: Shutting down and abandoning module AudioFormatOpus (117)
[2017.09.20-07.35.17:567][ 53]LogModuleManager: Shutting down and abandoning module AudioFormatOgg (115)
[2017.09.20-07.35.17:567][ 53]LogModuleManager: Shutting down and abandoning module AudioFormatADPCM (113)
[2017.09.20-07.35.17:567][ 53]LogModuleManager: Shutting down and abandoning module LinuxTargetPlatform (111)
[2017.09.20-07.35.17:567][ 53]LogModuleManager: Shutting down and abandoning module LinuxServerTargetPlatform (109)
[2017.09.20-07.35.17:567][ 53]LogModuleManager: Shutting down and abandoning module LinuxNoEditorTargetPlatform (107)
[2017.09.20-07.35.17:567][ 53]LogModuleManager: Shutting down and abandoning module LinuxClientTargetPlatform (105)
[2017.09.20-07.35.17:567][ 53]LogModuleManager: Shutting down and abandoning module TVOSTargetPlatform (103)
[2017.09.20-07.35.17:567][ 53]LogModuleManager: Shutting down and abandoning module Messaging (101)
[2017.09.20-07.35.17:568][ 53]LogModuleManager: Shutting down and abandoning module IOSTargetPlatform (99)
[2017.09.20-07.35.17:568][ 53]LogModuleManager: Shutting down and abandoning module HTML5TargetPlatform (97)
[2017.09.20-07.35.17:568][ 53]LogModuleManager: Shutting down and abandoning module Android_PVRTCTargetPlatform (95)
[2017.09.20-07.35.17:568][ 53]LogModuleManager: Shutting down and abandoning module Android_MultiTargetPlatform (93)
[2017.09.20-07.35.17:568][ 53]LogModuleManager: Shutting down and abandoning module Android_ETC2TargetPlatform (91)
[2017.09.20-07.35.17:568][ 53]LogModuleManager: Shutting down and abandoning module Android_ETC1TargetPlatform (89)
[2017.09.20-07.35.17:568][ 53]LogModuleManager: Shutting down and abandoning module Android_DXTTargetPlatform (87)
[2017.09.20-07.35.17:568][ 53]LogModuleManager: Shutting down and abandoning module Android_ATCTargetPlatform (85)
[2017.09.20-07.35.17:568][ 53]LogModuleManager: Shutting down and abandoning module Android_ASTCTargetPlatform (83)
[2017.09.20-07.35.17:568][ 53]LogModuleManager: Shutting down and abandoning module AndroidTargetPlatform (81)
[2017.09.20-07.35.17:568][ 53]LogModuleManager: Shutting down and abandoning module WindowsTargetPlatform (79)
[2017.09.20-07.35.17:568][ 53]LogModuleManager: Shutting down and abandoning module WindowsServerTargetPlatform (77)
[2017.09.20-07.35.17:568][ 53]LogModuleManager: Shutting down and abandoning module WindowsNoEditorTargetPlatform (75)
[2017.09.20-07.35.17:568][ 53]LogModuleManager: Shutting down and abandoning module WindowsClientTargetPlatform (73)
[2017.09.20-07.35.17:568][ 53]LogModuleManager: Shutting down and abandoning module MacTargetPlatform (71)
[2017.09.20-07.35.17:568][ 53]LogModuleManager: Shutting down and abandoning module MacServerTargetPlatform (69)
[2017.09.20-07.35.17:568][ 53]LogModuleManager: Shutting down and abandoning module MacNoEditorTargetPlatform (67)
[2017.09.20-07.35.17:568][ 53]LogModuleManager: Shutting down and abandoning module MacClientTargetPlatform (65)
[2017.09.20-07.35.17:568][ 53]LogModuleManager: Shutting down and abandoning module AllDesktopTargetPlatform (63)
[2017.09.20-07.35.17:568][ 53]LogModuleManager: Shutting down and abandoning module InputCore (60)
[2017.09.20-07.35.17:568][ 53]LogModuleManager: Shutting down and abandoning module Settings (58)
[2017.09.20-07.35.17:568][ 53]LogModuleManager: Shutting down and abandoning module OculusRift (56)
[2017.09.20-07.35.17:568][ 53]LogModuleManager: Shutting down and abandoning module GearVRController (54)
[2017.09.20-07.35.17:568][ 53]LogModuleManager: Shutting down and abandoning module GearVR (52)
[2017.09.20-07.35.17:568][ 53]LogModuleManager: Shutting down and abandoning module ExampleDeviceProfileSelector (50)
[2017.09.20-07.35.17:568][ 53]LogModuleManager: Shutting down and abandoning module OnlineBlueprintSupport (48)
[2017.09.20-07.35.17:568][ 53]LogModuleManager: Shutting down and abandoning module OnlineSubsystem (44)
[2017.09.20-07.35.17:568][ 53]LogOnline:Display: Unloading online subsystem: NULL
[2017.09.20-07.35.17:568][ 53]LogModuleManager: Shutting down and abandoning module XMPP (43)
[2017.09.20-07.35.17:568][ 53]LogModuleManager: Shutting down and abandoning module HTTP (41)
[2017.09.20-07.35.17:568][ 53]LogHttp:Display: Http module shutting down, but needs to wait on 1 outstanding Http requests:
[2017.09.20-07.35.17:569][ 53]LogHttp:Display: 	verb=[POST] url=[https://datarouter.ol.epicgames.com/datarouter/api/v1/public/data?SessionID=%7B00E26561-4CFA-A8E4-9022-AA9E666109E1%7D&AppID=UEEditor.Rocket.Release&AppVersion=4.16.3-3561208%2B%2B%2BUE4%2BRelease-4.16&UserID=aef8ba7d4ffcb74b59a81cb78f20d38d%7C26f8a5c126f3485688e3172eeb0417f4%7C000fe4cb-3502-4fc2-a398-f08d01900399&AppEnvironment=datacollector-binary&UploadType=eteventstream] status=Processing
[2017.09.20-07.35.17:588][ 53]LogModuleManager: Shutting down and abandoning module SSL (40)
[2017.09.20-07.35.17:592][ 53]LogModuleManager: Shutting down and abandoning module HTTPChunkInstaller (36)
[2017.09.20-07.35.17:592][ 53]LogModuleManager: Shutting down and abandoning module AnimationModifiers (34)
[2017.09.20-07.35.17:592][ 53]LogModuleManager: Shutting down and abandoning module PropertyEditor (33)
[2017.09.20-07.35.17:592][ 53]LogModuleManager: Shutting down and abandoning module AudioEditor (30)
[2017.09.20-07.35.17:592][ 53]LogModuleManager: Shutting down and abandoning module TextureCompressor (28)
[2017.09.20-07.35.17:592][ 53]LogModuleManager: Shutting down and abandoning module ShaderCore (26)
[2017.09.20-07.35.17:592][ 53]LogModuleManager: Shutting down and abandoning module Landscape (24)
[2017.09.20-07.35.17:592][ 53]LogModuleManager: Shutting down and abandoning module SlateRHIRenderer (22)
[2017.09.20-07.35.17:595][ 53]LogModuleManager: Shutting down and abandoning module OpenGLDrv (20)
[2017.09.20-07.35.17:595][ 53]LogModuleManager: Shutting down and abandoning module D3D11RHI (18)
[2017.09.20-07.35.17:595][ 53]LogModuleManager: Shutting down and abandoning module AnimGraphRuntime (16)
[2017.09.20-07.35.17:595][ 53]LogModuleManager: Shutting down and abandoning module Renderer (14)
[2017.09.20-07.35.17:595][ 53]LogModuleManager: Shutting down and abandoning module Engine (12)
[2017.09.20-07.35.17:595][ 53]LogModuleManager: Shutting down and abandoning module CoreUObject (10)
[2017.09.20-07.35.17:595][ 53]LogModuleManager: Shutting down and abandoning module NetworkFile (8)
[2017.09.20-07.35.17:595][ 53]LogModuleManager: Shutting down and abandoning module StreamingFile (6)
[2017.09.20-07.35.17:595][ 53]LogModuleManager: Shutting down and abandoning module SandboxFile (4)
[2017.09.20-07.35.17:595][ 53]LogModuleManager: Shutting down and abandoning module PakFile (2)
[2017.09.20-07.35.17:599][ 53]LogExit: Exiting.
[2017.09.20-07.35.17:614][ 53]Log file closed, 09/20/17 10:35:17
